[2024-02-14 15:47:57] production.ERROR: Symfony\Component\Mailer\Transport\Dsn::__construct(): Argument #5 ($port) must be of type ?int, string given, called in C:\Users\sia\Documents\GitHub\lmsali\vendor\laravel\framework\src\Illuminate\Mail\MailManager.php on line 185 {"exception":"[object] (TypeError(code: 0): Symfony\\Component\\Mailer\\Transport\\Dsn::__construct(): Argument #5 ($port) must be of type ?int, string given, called in C:\\Users\\sia\\Documents\\GitHub\\lmsali\\vendor\\laravel\\framework\\src\\Illuminate\\Mail\\MailManager.php on line 185 at C:\\Users\\sia\\Documents\\GitHub\\lmsali\\vendor\\symfony\\mailer\\Transport\\Dsn.php:28)
[stacktrace]
#0 C:\\Users\\sia\\Documents\\GitHub\\lmsali\\vendor\\laravel\\framework\\src\\Illuminate\\Mail\\MailManager.php(185): Symfony\\Component\\Mailer\\Transport\\Dsn->__construct('', '', '', Object(SensitiveParameterValue), '', Array)
#1 C:\\Users\\sia\\Documents\\GitHub\\lmsali\\vendor\\laravel\\framework\\src\\Illuminate\\Mail\\MailManager.php(164): Illuminate\\Mail\\MailManager->createSmtpTransport(Array)
#2 C:\\Users\\sia\\Documents\\GitHub\\lmsali\\vendor\\laravel\\framework\\src\\Illuminate\\Mail\\MailManager.php(122): Illuminate\\Mail\\MailManager->createSymfonyTransport(Array)
#3 C:\\Users\\sia\\Documents\\GitHub\\lmsali\\vendor\\laravel\\framework\\src\\Illuminate\\Mail\\MailManager.php(97): Illuminate\\Mail\\MailManager->resolve('smtp')
#4 C:\\Users\\sia\\Documents\\GitHub\\lmsali\\vendor\\laravel\\framework\\src\\Illuminate\\Mail\\MailManager.php(75): Illuminate\\Mail\\MailManager->get('smtp')
#5 C:\\Users\\sia\\Documents\\GitHub\\lmsali\\vendor\\laravel\\framework\\src\\Illuminate\\Mail\\MailManager.php(554): Illuminate\\Mail\\MailManager->mailer()
#6 C:\\Users\\sia\\Documents\\GitHub\\lmsali\\vendor\\laravel\\framework\\src\\Illuminate\\Support\\Facades\\Facade.php(338): Illuminate\\Mail\\MailManager->__call('to', Array)
#7 C:\\Users\\sia\\Documents\\GitHub\\lmsali\\app\\Helpers\\helper.php(1736): Illuminate\\Support\\Facades\\Facade::__callStatic('to', Array)
#8 C:\\Users\\sia\\Documents\\GitHub\\lmsali\\app\\Http\\Controllers\\Auth\\RegisterController.php(245): sendNotification('new_registratio...', Array, 1)
#9 C:\\Users\\sia\\Documents\\GitHub\\lmsali\\vendor\\laravel\\framework\\src\\Illuminate\\Routing\\Controller.php(54): App\\Http\\Controllers\\Auth\\RegisterController->register(Object(Illuminate\\Http\\Request))
#10 C:\\Users\\sia\\Documents\\GitHub\\lmsali\\vendor\\laravel\\framework\\src\\Illuminate\\Routing\\ControllerDispatcher.php(43): Illuminate\\Routing\\Controller->callAction('register', Array)
#11 C:\\Users\\sia\\Documents\\GitHub\\lmsali\\vendor\\laravel\\framework\\src\\Illuminate\\Routing\\Route.php(259): Illuminate\\Routing\\ControllerDispatcher->dispatch(Object(Illuminate\\Routing\\Route), Object(App\\Http\\Controllers\\Auth\\RegisterController), 'register')
#12 C:\\Users\\sia\\Documents\\GitHub\\lmsali\\vendor\\laravel\\framework\\src\\Illuminate\\Routing\\Route.php(205): Illuminate\\Routing\\Route->runController()
#13 C:\\Users\\sia\\Documents\\GitHub\\lmsali\\vendor\\laravel\\framework\\src\\Illuminate\\Routing\\Router.php(798): Illuminate\\Routing\\Route->run()
#14 C:\\Users\\sia\\Documents\\GitHub\\lmsali\\vendor\\laravel\\framework\\src\\Illuminate\\Pipeline\\Pipeline.php(141): Illuminate\\Routing\\Router->Illuminate\\Routing\\{closure}(Object(Illuminate\\Http\\Request))
#15 C:\\Users\\sia\\Documents\\GitHub\\lmsali\\app\\Http\\Middleware\\RedirectIfAuthenticated.php(30): Illuminate\\Pipeline\\Pipeline->Illuminate\\Pipeline\\{closure}(Object(Illuminate\\Http\\Request))
#16 C:\\Users\\sia\\Documents\\GitHub\\lmsali\\vendor\\laravel\\framework\\src\\Illuminate\\Pipeline\\Pipeline.php(180): App\\Http\\Middleware\\RedirectIfAuthenticated->handle(Object(Illuminate\\Http\\Request), Object(Closure))
#17 C:\\Users\\sia\\Documents\\GitHub\\lmsali\\app\\Http\\Middleware\\CheckMaintenance.php(37): Illuminate\\Pipeline\\Pipeline->Illuminate\\Pipeline\\{closure}(Object(Illuminate\\Http\\Request))
#18 C:\\Users\\sia\\Documents\\GitHub\\lmsali\\vendor\\laravel\\framework\\src\\Illuminate\\Pipeline\\Pipeline.php(180): App\\Http\\Middleware\\CheckMaintenance->handle(Object(Illuminate\\Http\\Request), Object(Closure))
#19 C:\\Users\\sia\\Documents\\GitHub\\lmsali\\app\\Http\\Middleware\\Share.php(74): Illuminate\\Pipeline\\Pipeline->Illuminate\\Pipeline\\{closure}(Object(Illuminate\\Http\\Request))
#20 C:\\Users\\sia\\Documents\\GitHub\\lmsali\\vendor\\laravel\\framework\\src\\Illuminate\\Pipeline\\Pipeline.php(180): App\\Http\\Middleware\\Share->handle(Object(Illuminate\\Http\\Request), Object(Closure))
#21 C:\\Users\\sia\\Documents\\GitHub\\lmsali\\app\\Http\\Middleware\\CheckMobileApp.php(25): Illuminate\\Pipeline\\Pipeline->Illuminate\\Pipeline\\{closure}(Object(Illuminate\\Http\\Request))
#22 C:\\Users\\sia\\Documents\\GitHub\\lmsali\\vendor\\laravel\\framework\\src\\Illuminate\\Pipeline\\Pipeline.php(180): App\\Http\\Middleware\\CheckMobileApp->handle(Object(Illuminate\\Http\\Request), Object(Closure))
#23 C:\\Users\\sia\\Documents\\GitHub\\lmsali\\app\\Http\\Middleware\\DebugBar.php(22): Illuminate\\Pipeline\\Pipeline->Illuminate\\Pipeline\\{closure}(Object(Illuminate\\Http\\Request))
#24 C:\\Users\\sia\\Documents\\GitHub\\lmsali\\vendor\\laravel\\framework\\src\\Illuminate\\Pipeline\\Pipeline.php(180): App\\Http\\Middleware\\DebugBar->handle(Object(Illuminate\\Http\\Request), Object(Closure))
#25 C:\\Users\\sia\\Documents\\GitHub\\lmsali\\app\\Http\\Middleware\\UserLocale.php(44): Illuminate\\Pipeline\\Pipeline->Illuminate\\Pipeline\\{closure}(Object(Illuminate\\Http\\Request))
#26 C:\\Users\\sia\\Documents\\GitHub\\lmsali\\vendor\\laravel\\framework\\src\\Illuminate\\Pipeline\\Pipeline.php(180): App\\Http\\Middleware\\UserLocale->handle(Object(Illuminate\\Http\\Request), Object(Closure))
#27 C:\\Users\\sia\\Documents\\GitHub\\lmsali\\vendor\\laravel\\framework\\src\\Illuminate\\Routing\\Middleware\\SubstituteBindings.php(50): Illuminate\\Pipeline\\Pipeline->Illuminate\\Pipeline\\{closure}(Object(Illuminate\\Http\\Request))
#28 C:\\Users\\sia\\Documents\\GitHub\\lmsali\\vendor\\laravel\\framework\\src\\Illuminate\\Pipeline\\Pipeline.php(180): Illuminate\\Routing\\Middleware\\SubstituteBindings->handle(Object(Illuminate\\Http\\Request), Object(Closure))
#29 C:\\Users\\sia\\Documents\\GitHub\\lmsali\\vendor\\laravel\\framework\\src\\Illuminate\\Foundation\\Http\\Middleware\\VerifyCsrfToken.php(78): Illuminate\\Pipeline\\Pipeline->Illuminate\\Pipeline\\{closure}(Object(Illuminate\\Http\\Request))
#30 C:\\Users\\sia\\Documents\\GitHub\\lmsali\\vendor\\laravel\\framework\\src\\Illuminate\\Pipeline\\Pipeline.php(180): Illuminate\\Foundation\\Http\\Middleware\\VerifyCsrfToken->handle(Object(Illuminate\\Http\\Request), Object(Closure))
#31 C:\\Users\\sia\\Documents\\GitHub\\lmsali\\vendor\\laravel\\framework\\src\\Illuminate\\View\\Middleware\\ShareErrorsFromSession.php(49): Illuminate\\Pipeline\\Pipeline->Illuminate\\Pipeline\\{closure}(Object(Illuminate\\Http\\Request))
#32 C:\\Users\\sia\\Documents\\GitHub\\lmsali\\vendor\\laravel\\framework\\src\\Illuminate\\Pipeline\\Pipeline.php(180): Illuminate\\View\\Middleware\\ShareErrorsFromSession->handle(Object(Illuminate\\Http\\Request), Object(Closure))
#33 C:\\Users\\sia\\Documents\\GitHub\\lmsali\\vendor\\laravel\\framework\\src\\Illuminate\\Session\\Middleware\\StartSession.php(121): Illuminate\\Pipeline\\Pipeline->Illuminate\\Pipeline\\{closure}(Object(Illuminate\\Http\\Request))
#34 C:\\Users\\sia\\Documents\\GitHub\\lmsali\\vendor\\laravel\\framework\\src\\Illuminate\\Session\\Middleware\\StartSession.php(64): Illuminate\\Session\\Middleware\\StartSession->handleStatefulRequest(Object(Illuminate\\Http\\Request), Object(Illuminate\\Session\\Store), Object(Closure))
#35 C:\\Users\\sia\\Documents\\GitHub\\lmsali\\vendor\\laravel\\framework\\src\\Illuminate\\Pipeline\\Pipeline.php(180): Illuminate\\Session\\Middleware\\StartSession->handle(Object(Illuminate\\Http\\Request), Object(Closure))
#36 C:\\Users\\sia\\Documents\\GitHub\\lmsali\\vendor\\laravel\\framework\\src\\Illuminate\\Cookie\\Middleware\\AddQueuedCookiesToResponse.php(37): Illuminate\\Pipeline\\Pipeline->Illuminate\\Pipeline\\{closure}(Object(Illuminate\\Http\\Request))
#37 C:\\Users\\sia\\Documents\\GitHub\\lmsali\\vendor\\laravel\\framework\\src\\Illuminate\\Pipeline\\Pipeline.php(180): Illuminate\\Cookie\\Middleware\\AddQueuedCookiesToResponse->handle(Object(Illuminate\\Http\\Request), Object(Closure))
#38 C:\\Users\\sia\\Documents\\GitHub\\lmsali\\vendor\\laravel\\framework\\src\\Illuminate\\Cookie\\Middleware\\EncryptCookies.php(67): Illuminate\\Pipeline\\Pipeline->Illuminate\\Pipeline\\{closure}(Object(Illuminate\\Http\\Request))
#39 C:\\Users\\sia\\Documents\\GitHub\\lmsali\\vendor\\laravel\\framework\\src\\Illuminate\\Pipeline\\Pipeline.php(180): Illuminate\\Cookie\\Middleware\\EncryptCookies->handle(Object(Illuminate\\Http\\Request), Object(Closure))
#40 C:\\Users\\sia\\Documents\\GitHub\\lmsali\\vendor\\laravel\\framework\\src\\Illuminate\\Pipeline\\Pipeline.php(116): Illuminate\\Pipeline\\Pipeline->Illuminate\\Pipeline\\{closure}(Object(Illuminate\\Http\\Request))
#41 C:\\Users\\sia\\Documents\\GitHub\\lmsali\\vendor\\laravel\\framework\\src\\Illuminate\\Routing\\Router.php(797): Illuminate\\Pipeline\\Pipeline->then(Object(Closure))
#42 C:\\Users\\sia\\Documents\\GitHub\\lmsali\\vendor\\laravel\\framework\\src\\Illuminate\\Routing\\Router.php(776): Illuminate\\Routing\\Router->runRouteWithinStack(Object(Illuminate\\Routing\\Route), Object(Illuminate\\Http\\Request))
#43 C:\\Users\\sia\\Documents\\GitHub\\lmsali\\vendor\\laravel\\framework\\src\\Illuminate\\Routing\\Router.php(740): Illuminate\\Routing\\Router->runRoute(Object(Illuminate\\Http\\Request), Object(Illuminate\\Routing\\Route))
#44 C:\\Users\\sia\\Documents\\GitHub\\lmsali\\vendor\\laravel\\framework\\src\\Illuminate\\Routing\\Router.php(729): Illuminate\\Routing\\Router->dispatchToRoute(Object(Illuminate\\Http\\Request))
#45 C:\\Users\\sia\\Documents\\GitHub\\lmsali\\vendor\\laravel\\framework\\src\\Illuminate\\Foundation\\Http\\Kernel.php(190): Illuminate\\Routing\\Router->dispatch(Object(Illuminate\\Http\\Request))
#46 C:\\Users\\sia\\Documents\\GitHub\\lmsali\\vendor\\laravel\\framework\\src\\Illuminate\\Pipeline\\Pipeline.php(141): Illuminate\\Foundation\\Http\\Kernel->Illuminate\\Foundation\\Http\\{closure}(Object(Illuminate\\Http\\Request))
#47 C:\\Users\\sia\\Documents\\GitHub\\lmsali\\vendor\\barryvdh\\laravel-debugbar\\src\\Middleware\\InjectDebugbar.php(66): Illuminate\\Pipeline\\Pipeline->Illuminate\\Pipeline\\{closure}(Object(Illuminate\\Http\\Request))
#48 C:\\Users\\sia\\Documents\\GitHub\\lmsali\\vendor\\laravel\\framework\\src\\Illuminate\\Pipeline\\Pipeline.php(180): Barryvdh\\Debugbar\\Middleware\\InjectDebugbar->handle(Object(Illuminate\\Http\\Request), Object(Closure))
#49 C:\\Users\\sia\\Documents\\GitHub\\lmsali\\vendor\\laravel\\framework\\src\\Illuminate\\Foundation\\Http\\Middleware\\TransformsRequest.php(21): Illuminate\\Pipeline\\Pipeline->Illuminate\\Pipeline\\{closure}(Object(Illuminate\\Http\\Request))
#50 C:\\Users\\sia\\Documents\\GitHub\\lmsali\\vendor\\laravel\\framework\\src\\Illuminate\\Foundation\\Http\\Middleware\\ConvertEmptyStringsToNull.php(31): Illuminate\\Foundation\\Http\\Middleware\\TransformsRequest->handle(Object(Illuminate\\Http\\Request), Object(Closure))
#51 C:\\Users\\sia\\Documents\\GitHub\\lmsali\\vendor\\laravel\\framework\\src\\Illuminate\\Pipeline\\Pipeline.php(180): Illuminate\\Foundation\\Http\\Middleware\\ConvertEmptyStringsToNull->handle(Object(Illuminate\\Http\\Request), Object(Closure))
#52 C:\\Users\\sia\\Documents\\GitHub\\lmsali\\vendor\\laravel\\framework\\src\\Illuminate\\Foundation\\Http\\Middleware\\TransformsRequest.php(21): Illuminate\\Pipeline\\Pipeline->Illuminate\\Pipeline\\{closure}(Object(Illuminate\\Http\\Request))
#53 C:\\Users\\sia\\Documents\\GitHub\\lmsali\\vendor\\laravel\\framework\\src\\Illuminate\\Foundation\\Http\\Middleware\\TrimStrings.php(40): Illuminate\\Foundation\\Http\\Middleware\\TransformsRequest->handle(Object(Illuminate\\Http\\Request), Object(Closure))
#54 C:\\Users\\sia\\Documents\\GitHub\\lmsali\\vendor\\laravel\\framework\\src\\Illuminate\\Pipeline\\Pipeline.php(180): Illuminate\\Foundation\\Http\\Middleware\\TrimStrings->handle(Object(Illuminate\\Http\\Request), Object(Closure))
#55 C:\\Users\\sia\\Documents\\GitHub\\lmsali\\vendor\\laravel\\framework\\src\\Illuminate\\Foundation\\Http\\Middleware\\ValidatePostSize.php(27): Illuminate\\Pipeline\\Pipeline->Illuminate\\Pipeline\\{closure}(Object(Illuminate\\Http\\Request))
#56 C:\\Users\\sia\\Documents\\GitHub\\lmsali\\vendor\\laravel\\framework\\src\\Illuminate\\Pipeline\\Pipeline.php(180): Illuminate\\Foundation\\Http\\Middleware\\ValidatePostSize->handle(Object(Illuminate\\Http\\Request), Object(Closure))
#57 C:\\Users\\sia\\Documents\\GitHub\\lmsali\\vendor\\laravel\\framework\\src\\Illuminate\\Foundation\\Http\\Middleware\\PreventRequestsDuringMaintenance.php(86): Illuminate\\Pipeline\\Pipeline->Illuminate\\Pipeline\\{closure}(Object(Illuminate\\Http\\Request))
#58 C:\\Users\\sia\\Documents\\GitHub\\lmsali\\vendor\\laravel\\framework\\src\\Illuminate\\Pipeline\\Pipeline.php(180): Illuminate\\Foundation\\Http\\Middleware\\PreventRequestsDuringMaintenance->handle(Object(Illuminate\\Http\\Request), Object(Closure))
#59 C:\\Users\\sia\\Documents\\GitHub\\lmsali\\vendor\\fruitcake\\laravel-cors\\src\\HandleCors.php(38): Illuminate\\Pipeline\\Pipeline->Illuminate\\Pipeline\\{closure}(Object(Illuminate\\Http\\Request))
#60 C:\\Users\\sia\\Documents\\GitHub\\lmsali\\vendor\\laravel\\framework\\src\\Illuminate\\Pipeline\\Pipeline.php(180): Fruitcake\\Cors\\HandleCors->handle(Object(Illuminate\\Http\\Request), Object(Closure))
#61 C:\\Users\\sia\\Documents\\GitHub\\lmsali\\vendor\\laravel\\framework\\src\\Illuminate\\Http\\Middleware\\TrustProxies.php(39): Illuminate\\Pipeline\\Pipeline->Illuminate\\Pipeline\\{closure}(Object(Illuminate\\Http\\Request))
#62 C:\\Users\\sia\\Documents\\GitHub\\lmsali\\vendor\\laravel\\framework\\src\\Illuminate\\Pipeline\\Pipeline.php(180): Illuminate\\Http\\Middleware\\TrustProxies->handle(Object(Illuminate\\Http\\Request), Object(Closure))
#63 C:\\Users\\sia\\Documents\\GitHub\\lmsali\\vendor\\laravel\\framework\\src\\Illuminate\\Pipeline\\Pipeline.php(116): Illuminate\\Pipeline\\Pipeline->Illuminate\\Pipeline\\{closure}(Object(Illuminate\\Http\\Request))
#64 C:\\Users\\sia\\Documents\\GitHub\\lmsali\\vendor\\laravel\\framework\\src\\Illuminate\\Foundation\\Http\\Kernel.php(165): Illuminate\\Pipeline\\Pipeline->then(Object(Closure))
#65 C:\\Users\\sia\\Documents\\GitHub\\lmsali\\vendor\\laravel\\framework\\src\\Illuminate\\Foundation\\Http\\Kernel.php(134): Illuminate\\Foundation\\Http\\Kernel->sendRequestThroughRouter(Object(Illuminate\\Http\\Request))
#66 C:\\Users\\sia\\Documents\\GitHub\\lmsali\\public\\index.php(51): Illuminate\\Foundation\\Http\\Kernel->handle(Object(Illuminate\\Http\\Request))
#67 C:\\Users\\sia\\Documents\\GitHub\\lmsali\\vendor\\laravel\\framework\\src\\Illuminate\\Foundation\\resources\\server.php(16): require_once('C:\\\\Users\\\\sia\\\\Do...')
#68 {main}
"} 
